<?xml version="1.0" encoding="UTF-8"?>
<!-- Generated by org.testng.reporters.JUnitReportReporter -->
<testsuite hostname="ASUS" failures="0" tests="1" name="basic_Jenkins1.OrganisationsTest" time="11.837" errors="0" timestamp="2024-03-16T11:57:37 IST" skipped="0">
  <testcase classname="basic_Jenkins1.OrganisationsTest" name="createOrganisationsTest" time="11.837"/>
  <system-out/>
</testsuite> <!-- basic_Jenkins1.OrganisationsTest -->
